[site12947401.nicepage.io/index4dc5.html]
[backblue.gif]
[fade.gif]
[index.html]
[capp.nicepage.com/796ef266c6acf835ee1d05adb87f40991fcb995e/nicepage.css]
[site12947401.nicepage.io/nicepage-site.css]
[site12947401.nicepage.io/index.css]
[capp.nicepage.com/796ef266c6acf835ee1d05adb87f40991fcb995e/nicepage.js]
[capp.nicepage.com/assets/jquery-3.5.1.min.js]
[assets.nicepagecdn.com/8f5bef72/6348336/images/e..png]
[site12947401.nicepage.io/Acerca-de.html]
[site12947401.nicepage.io/index.html]
[site12947401.nicepage.io/Contacto.html]
[assets.nicepagecdn.com/8f5bef72/6348336/images/image2.png]
[assets.nicepagecdn.com/8f5bef72/6348336/images/image3.png]
[assets.nicepagecdn.com/8f5bef72/6348336/images/NetworkDefense_v1_091721.png]
[assets.nicepagecdn.com/8f5bef72/6348336/images/image.png]
[assets.nicepagecdn.com/8f5bef72/6348336/images/image1.png]
[site12947401.nicepage.io/index4dc5.html]
[capp.nicepage.com/796ef266c6acf835ee1d05adb87f40991fcb995e/nicepage.css]
[site12947401.nicepage.io/nicepage-site.css]
[assets.nicepagecdn.com/8f5bef72/6348336/images/fotograduacion.png]
[assets.nicepagecdn.com/8f5bef72/6348336/images/ImagendeWhatsApp2023-12-31alas19.21.23_eb925939.jpg]
[site12947401.nicepage.io/index.css]
[site12947401.nicepage.io/signature.png]
[capp.nicepage.com/796ef266c6acf835ee1d05adb87f40991fcb995e/nicepage.js]
[site12947401.nicepage.io/index.html]
[site12947401.nicepage.io/Content/BundledScripts/index.html]
[site12947401.nicepage.io/Acerca-de.css]
[site12947401.nicepage.io/Acerca-de.html]
[site12947401.nicepage.io/ABCDEFGHIJKLMNOPQRSTUVWXYZabcdefghijklmnopqrstuvwxyz0123456789+/index.html]
[site12947401.nicepage.io/Contacto.css]
[site12947401.nicepage.io/Contacto.html]
[site12947401.nicepage.io/Content/BundledScripts/index.html]
[site12947401.nicepage.io/signature.html]
[site12947401.nicepage.io/ABCDEFGHIJKLMNOPQRSTUVWXYZabcdefghijklmnopqrstuvwxyz0123456789+/index.html]
[site12947401.nicepage.io/Acerca-de.css]
[site12947401.nicepage.io/Contacto.css]
